<?xml version="1.0" encoding="UTF-8"?>
<!-- Generated by org.testng.reporters.JUnitReportReporter -->
<testsuite hostname="DESKTOP-OMGE8E1" failures="0" tests="1" name="com.comcast.CRM.ContactTest.SearchContactTest" time="9.322" errors="0" timestamp="29 Jul 2024 11:02:45 GMT" skipped="0">
  <testcase classname="com.comcast.CRM.ContactTest.SearchContactTest" name="searchContactTest" time="9.322"/>
</testsuite> <!-- com.comcast.CRM.ContactTest.SearchContactTest -->
