<?xml version="1.0" encoding="UTF-8"?>
<!-- Generated by org.testng.reporters.JUnitReportReporter -->
<testsuite hostname="DESKTOP-OMGE8E1" failures="0" tests="1" name="com.comcast.CRM.ContactTest.Campaign" time="89.618" errors="0" timestamp="30 Jul 2024 07:22:53 GMT" skipped="0">
  <testcase classname="com.comcast.CRM.ContactTest.Campaign" name="Createcampaignproduct" time="89.618"/>
</testsuite> <!-- com.comcast.CRM.ContactTest.Campaign -->
