<?xml version="1.0" encoding="UTF-8"?>
<!-- Generated by org.testng.reporters.JUnitReportReporter -->
<testsuite hostname="DESKTOP-OMGE8E1" failures="0" tests="1" name="com.comcast.CRM.ContactTest.CampaignTest" time="37.321" errors="0" timestamp="29 Jul 2024 11:32:13 GMT" skipped="0">
  <testcase classname="com.comcast.CRM.ContactTest.CampaignTest" name="Createcampaignproduct" time="37.321"/>
</testsuite> <!-- com.comcast.CRM.ContactTest.CampaignTest -->
