<?xml version="1.0" encoding="UTF-8"?>
<!-- Generated by org.testng.reporters.JUnitReportReporter -->
<testsuite hostname="DESKTOP-OMGE8E1" failures="0" tests="1" name="com.comcast.CRM.ContactTest.Contacttest" time="36.349" errors="0" timestamp="29 Jul 2024 12:22:53 GMT" skipped="0">
  <testcase classname="com.comcast.CRM.ContactTest.Contacttest" name="createcontactwithorg" time="36.349"/>
</testsuite> <!-- com.comcast.CRM.ContactTest.Contacttest -->
